{"/Users/wuhuidong/Documents/Workspace/whd-util/src/Error/BaseError.js": {"path":"/Users/wuhuidong/Documents/Workspace/whd-util/src/Error/BaseError.js","statementMap":{"0":{"start":{"line":3,"column":4},"end":{"line":3,"column":21}},"1":{"start":{"line":4,"column":4},"end":{"line":4,"column":34}},"2":{"start":{"line":5,"column":4},"end":{"line":5,"column":33}},"3":{"start":{"line":6,"column":4},"end":{"line":6,"column":31}},"4":{"start":{"line":7,"column":4},"end":{"line":7,"column":21}},"5":{"start":{"line":11,"column":0},"end":{"line":13,"column":2}}},"fnMap":{"0":{"name":"(anonymous_0)","decl":{"start":{"line":2,"column":2},"end":{"line":2,"column":3}},"loc":{"start":{"line":2,"column":50},"end":{"line":8,"column":3}},"line":2}},"branchMap":{"0":{"loc":{"start":{"line":2,"column":39},"end":{"line":2,"column":48}},"type":"default-arg","locations":[{"start":{"line":2,"column":46},"end":{"line":2,"column":48}}],"line":2}},"s":{"0":10,"1":10,"2":10,"3":10,"4":10,"5":3},"f":{"0":10},"b":{"0":[8]},"_coverageSchema":"43e27e138ebf9cfc5966b082cf9a028302ed4184","hash":"0c6ba68bbd8773e1d219575d76f52edd07d145c3"}
,"/Users/wuhuidong/Documents/Workspace/whd-util/src/Error/BizError.js": {"path":"/Users/wuhuidong/Documents/Workspace/whd-util/src/Error/BizError.js","statementMap":{"0":{"start":{"line":1,"column":22},"end":{"line":1,"column":44}},"1":{"start":{"line":5,"column":4},"end":{"line":5,"column":41}},"2":{"start":{"line":9,"column":0},"end":{"line":11,"column":2}}},"fnMap":{"0":{"name":"(anonymous_0)","decl":{"start":{"line":4,"column":2},"end":{"line":4,"column":3}},"loc":{"start":{"line":4,"column":51},"end":{"line":6,"column":3}},"line":4}},"branchMap":{"0":{"loc":{"start":{"line":4,"column":27},"end":{"line":4,"column":43}},"type":"default-arg","locations":[{"start":{"line":4,"column":40},"end":{"line":4,"column":43}}],"line":4}},"s":{"0":3,"1":7,"2":3},"f":{"0":7},"b":{"0":[5]},"_coverageSchema":"43e27e138ebf9cfc5966b082cf9a028302ed4184","hash":"35ee7e18ed9b0c1faf64362ed41e1b822a5fc2d2"}
,"/Users/wuhuidong/Documents/Workspace/whd-util/src/Error/SystemError.js": {"path":"/Users/wuhuidong/Documents/Workspace/whd-util/src/Error/SystemError.js","statementMap":{"0":{"start":{"line":1,"column":22},"end":{"line":1,"column":44}},"1":{"start":{"line":5,"column":4},"end":{"line":5,"column":41}},"2":{"start":{"line":9,"column":0},"end":{"line":11,"column":2}}},"fnMap":{"0":{"name":"(anonymous_0)","decl":{"start":{"line":4,"column":2},"end":{"line":4,"column":3}},"loc":{"start":{"line":4,"column":51},"end":{"line":6,"column":3}},"line":4}},"branchMap":{"0":{"loc":{"start":{"line":4,"column":27},"end":{"line":4,"column":43}},"type":"default-arg","locations":[{"start":{"line":4,"column":40},"end":{"line":4,"column":43}}],"line":4}},"s":{"0":3,"1":3,"2":3},"f":{"0":3},"b":{"0":[1]},"_coverageSchema":"43e27e138ebf9cfc5966b082cf9a028302ed4184","hash":"0e525ea834526ed9a9e890295f355d08a541833b"}
,"/Users/wuhuidong/Documents/Workspace/whd-util/src/log/log.js": {"path":"/Users/wuhuidong/Documents/Workspace/whd-util/src/log/log.js","statementMap":{"0":{"start":{"line":5,"column":4},"end":{"line":5,"column":22}},"1":{"start":{"line":11,"column":4},"end":{"line":11,"column":10}},"2":{"start":{"line":13,"column":17},"end":{"line":15,"column":1}},"3":{"start":{"line":14,"column":11},"end":{"line":14,"column":64}},"4":{"start":{"line":18,"column":12},"end":{"line":29,"column":2}},"5":{"start":{"line":31,"column":0},"end":{"line":31,"column":25}}},"fnMap":{"0":{"name":"(anonymous_0)","decl":{"start":{"line":14,"column":2},"end":{"line":14,"column":3}},"loc":{"start":{"line":14,"column":11},"end":{"line":14,"column":64}},"line":14}},"branchMap":{"0":{"loc":{"start":{"line":19,"column":9},"end":{"line":19,"column":39}},"type":"binary-expr","locations":[{"start":{"line":19,"column":9},"end":{"line":19,"column":29}},{"start":{"line":19,"column":33},"end":{"line":19,"column":39}}],"line":19}},"s":{"0":3,"1":3,"2":3,"3":1,"4":3,"5":3},"f":{"0":1},"b":{"0":[3,3]},"_coverageSchema":"43e27e138ebf9cfc5966b082cf9a028302ed4184","hash":"d3c60138aec13ac6ad695ab3ea6e32d0a29695ed"}
,"/Users/wuhuidong/Documents/Workspace/whd-util/src/util/util.js": {"path":"/Users/wuhuidong/Documents/Workspace/whd-util/src/util/util.js","statementMap":{"0":{"start":{"line":1,"column":11},"end":{"line":1,"column":24}},"1":{"start":{"line":2,"column":12},"end":{"line":2,"column":43}},"2":{"start":{"line":3,"column":13},"end":{"line":3,"column":33}},"3":{"start":{"line":4,"column":17},"end":{"line":4,"column":36}},"4":{"start":{"line":6,"column":21},"end":{"line":6,"column":49}},"5":{"start":{"line":9,"column":15},"end":{"line":9,"column":16}},"6":{"start":{"line":10,"column":21},"end":{"line":10,"column":25}},"7":{"start":{"line":12,"column":21},"end":{"line":12,"column":56}},"8":{"start":{"line":12,"column":27},"end":{"line":12,"column":56}},"9":{"start":{"line":15,"column":23},"end":{"line":18,"column":1}},"10":{"start":{"line":16,"column":2},"end":{"line":16,"column":83}},"11":{"start":{"line":16,"column":33},"end":{"line":16,"column":83}},"12":{"start":{"line":17,"column":2},"end":{"line":17,"column":27}},"13":{"start":{"line":21,"column":19},"end":{"line":22,"column":34}},"14":{"start":{"line":21,"column":27},"end":{"line":22,"column":34}},"15":{"start":{"line":22,"column":14},"end":{"line":22,"column":33}},"16":{"start":{"line":25,"column":21},"end":{"line":27,"column":29}},"17":{"start":{"line":25,"column":37},"end":{"line":27,"column":29}},"18":{"start":{"line":26,"column":14},"end":{"line":26,"column":49}},"19":{"start":{"line":27,"column":20},"end":{"line":27,"column":28}},"20":{"start":{"line":29,"column":33},"end":{"line":33,"column":4}},"21":{"start":{"line":29,"column":43},"end":{"line":33,"column":4}},"22":{"start":{"line":31,"column":4},"end":{"line":31,"column":41}},"23":{"start":{"line":31,"column":20},"end":{"line":31,"column":41}},"24":{"start":{"line":32,"column":4},"end":{"line":32,"column":29}},"25":{"start":{"line":35,"column":20},"end":{"line":41,"column":1}},"26":{"start":{"line":36,"column":17},"end":{"line":39,"column":4}},"27":{"start":{"line":37,"column":25},"end":{"line":37,"column":54}},"28":{"start":{"line":40,"column":2},"end":{"line":40,"column":38}},"29":{"start":{"line":45,"column":2},"end":{"line":45,"column":31}},"30":{"start":{"line":46,"column":21},"end":{"line":46,"column":43}},"31":{"start":{"line":47,"column":19},"end":{"line":47,"column":21}},"32":{"start":{"line":48,"column":2},"end":{"line":61,"column":5}},"33":{"start":{"line":49,"column":17},"end":{"line":49,"column":48}},"34":{"start":{"line":50,"column":4},"end":{"line":60,"column":5}},"35":{"start":{"line":51,"column":71},"end":{"line":51,"column":75}},"36":{"start":{"line":52,"column":6},"end":{"line":59,"column":7}},"37":{"start":{"line":53,"column":8},"end":{"line":58,"column":11}},"38":{"start":{"line":62,"column":2},"end":{"line":62,"column":35}},"39":{"start":{"line":66,"column":0},"end":{"line":74,"column":2}}},"fnMap":{"0":{"name":"(anonymous_0)","decl":{"start":{"line":12,"column":21},"end":{"line":12,"column":22}},"loc":{"start":{"line":12,"column":27},"end":{"line":12,"column":56}},"line":12},"1":{"name":"(anonymous_1)","decl":{"start":{"line":15,"column":23},"end":{"line":15,"column":24}},"loc":{"start":{"line":15,"column":38},"end":{"line":18,"column":1}},"line":15},"2":{"name":"(anonymous_2)","decl":{"start":{"line":21,"column":19},"end":{"line":21,"column":20}},"loc":{"start":{"line":21,"column":27},"end":{"line":22,"column":34}},"line":21},"3":{"name":"(anonymous_3)","decl":{"start":{"line":22,"column":8},"end":{"line":22,"column":9}},"loc":{"start":{"line":22,"column":14},"end":{"line":22,"column":33}},"line":22},"4":{"name":"(anonymous_4)","decl":{"start":{"line":25,"column":21},"end":{"line":25,"column":22}},"loc":{"start":{"line":25,"column":37},"end":{"line":27,"column":29}},"line":25},"5":{"name":"(anonymous_5)","decl":{"start":{"line":26,"column":8},"end":{"line":26,"column":9}},"loc":{"start":{"line":26,"column":14},"end":{"line":26,"column":49}},"line":26},"6":{"name":"(anonymous_6)","decl":{"start":{"line":27,"column":8},"end":{"line":27,"column":9}},"loc":{"start":{"line":27,"column":20},"end":{"line":27,"column":28}},"line":27},"7":{"name":"(anonymous_7)","decl":{"start":{"line":29,"column":33},"end":{"line":29,"column":34}},"loc":{"start":{"line":29,"column":43},"end":{"line":33,"column":4}},"line":29},"8":{"name":"(anonymous_8)","decl":{"start":{"line":30,"column":8},"end":{"line":30,"column":9}},"loc":{"start":{"line":30,"column":23},"end":{"line":33,"column":3}},"line":30},"9":{"name":"(anonymous_9)","decl":{"start":{"line":35,"column":20},"end":{"line":35,"column":21}},"loc":{"start":{"line":35,"column":61},"end":{"line":41,"column":1}},"line":35},"10":{"name":"(anonymous_10)","decl":{"start":{"line":37,"column":14},"end":{"line":37,"column":15}},"loc":{"start":{"line":37,"column":25},"end":{"line":37,"column":54}},"line":37},"11":{"name":"getFileList","decl":{"start":{"line":44,"column":15},"end":{"line":44,"column":26}},"loc":{"start":{"line":44,"column":60},"end":{"line":63,"column":1}},"line":44},"12":{"name":"(anonymous_12)","decl":{"start":{"line":48,"column":21},"end":{"line":48,"column":22}},"loc":{"start":{"line":48,"column":30},"end":{"line":61,"column":3}},"line":48}},"branchMap":{"0":{"loc":{"start":{"line":16,"column":2},"end":{"line":16,"column":83}},"type":"if","locations":[{"start":{"line":16,"column":2},"end":{"line":16,"column":83}},{"start":{"line":16,"column":2},"end":{"line":16,"column":83}}],"line":16},"1":{"loc":{"start":{"line":31,"column":4},"end":{"line":31,"column":41}},"type":"if","locations":[{"start":{"line":31,"column":4},"end":{"line":31,"column":41}},{"start":{"line":31,"column":4},"end":{"line":31,"column":41}}],"line":31},"2":{"loc":{"start":{"line":35,"column":40},"end":{"line":35,"column":56}},"type":"default-arg","locations":[{"start":{"line":35,"column":49},"end":{"line":35,"column":56}}],"line":35},"3":{"loc":{"start":{"line":44,"column":35},"end":{"line":44,"column":58}},"type":"default-arg","locations":[{"start":{"line":44,"column":54},"end":{"line":44,"column":58}}],"line":44},"4":{"loc":{"start":{"line":50,"column":4},"end":{"line":60,"column":5}},"type":"if","locations":[{"start":{"line":50,"column":4},"end":{"line":60,"column":5}},{"start":{"line":50,"column":4},"end":{"line":60,"column":5}}],"line":50},"5":{"loc":{"start":{"line":52,"column":6},"end":{"line":59,"column":7}},"type":"if","locations":[{"start":{"line":52,"column":6},"end":{"line":59,"column":7}},{"start":{"line":52,"column":6},"end":{"line":59,"column":7}}],"line":52},"6":{"loc":{"start":{"line":52,"column":10},"end":{"line":52,"column":73}},"type":"binary-expr","locations":[{"start":{"line":52,"column":11},"end":{"line":52,"column":27}},{"start":{"line":52,"column":31},"end":{"line":52,"column":51}},{"start":{"line":52,"column":56},"end":{"line":52,"column":73}}],"line":52}},"s":{"0":3,"1":3,"2":3,"3":3,"4":3,"5":3,"6":3,"7":3,"8":1,"9":3,"10":10,"11":4,"12":6,"13":3,"14":2,"15":1,"16":3,"17":2,"18":1,"19":1,"20":3,"21":2,"22":2,"23":1,"24":2,"25":3,"26":1,"27":1,"28":1,"29":3,"30":2,"31":2,"32":2,"33":10,"34":10,"35":8,"36":8,"37":7,"38":2,"39":3},"f":{"0":1,"1":10,"2":2,"3":1,"4":2,"5":1,"6":1,"7":2,"8":2,"9":1,"10":1,"11":3,"12":10},"b":{"0":[4,6],"1":[1,1],"2":[1],"3":[2],"4":[8,2],"5":[7,1],"6":[8,4,5]},"_coverageSchema":"43e27e138ebf9cfc5966b082cf9a028302ed4184","hash":"95a7a2aef6ba73ed1385b868f4560ded7f47d98d"}
}
