TN:
SF:/Users/wuhuidong/Documents/Workspace/whd-util/src/Error/BaseError.js
FN:2,(anonymous_0)
FNF:1
FNH:1
FNDA:10,(anonymous_0)
DA:3,10
DA:4,10
DA:5,10
DA:6,10
DA:7,10
DA:11,3
LF:6
LH:6
BRDA:2,0,0,8
BRF:1
BRH:1
end_of_record
TN:
SF:/Users/wuhuidong/Documents/Workspace/whd-util/src/Error/BizError.js
FN:4,(anonymous_0)
FNF:1
FNH:1
FNDA:7,(anonymous_0)
DA:1,3
DA:5,7
DA:9,3
LF:3
LH:3
BRDA:4,0,0,5
BRF:1
BRH:1
end_of_record
TN:
SF:/Users/wuhuidong/Documents/Workspace/whd-util/src/Error/SystemError.js
FN:4,(anonymous_0)
FNF:1
FNH:1
FNDA:3,(anonymous_0)
DA:1,3
DA:5,3
DA:9,3
LF:3
LH:3
BRDA:4,0,0,1
BRF:1
BRH:1
end_of_record
TN:
SF:/Users/wuhuidong/Documents/Workspace/whd-util/src/log/log.js
FN:14,(anonymous_0)
FNF:1
FNH:1
FNDA:1,(anonymous_0)
DA:5,3
DA:11,3
DA:13,3
DA:14,1
DA:18,3
DA:31,3
LF:6
LH:6
BRDA:19,0,0,3
BRDA:19,0,1,3
BRF:2
BRH:2
end_of_record
TN:
SF:/Users/wuhuidong/Documents/Workspace/whd-util/src/util/util.js
FN:12,(anonymous_0)
FN:15,(anonymous_1)
FN:21,(anonymous_2)
FN:22,(anonymous_3)
FN:25,(anonymous_4)
FN:26,(anonymous_5)
FN:27,(anonymous_6)
FN:29,(anonymous_7)
FN:30,(anonymous_8)
FN:35,(anonymous_9)
FN:37,(anonymous_10)
FN:44,getFileList
FN:48,(anonymous_12)
FNF:13
FNH:13
FNDA:1,(anonymous_0)
FNDA:10,(anonymous_1)
FNDA:2,(anonymous_2)
FNDA:1,(anonymous_3)
FNDA:2,(anonymous_4)
FNDA:1,(anonymous_5)
FNDA:1,(anonymous_6)
FNDA:2,(anonymous_7)
FNDA:2,(anonymous_8)
FNDA:1,(anonymous_9)
FNDA:1,(anonymous_10)
FNDA:3,getFileList
FNDA:10,(anonymous_12)
DA:1,3
DA:2,3
DA:3,3
DA:4,3
DA:6,3
DA:9,3
DA:10,3
DA:12,3
DA:15,3
DA:16,10
DA:17,6
DA:21,3
DA:22,1
DA:25,3
DA:26,1
DA:27,1
DA:29,3
DA:31,2
DA:32,2
DA:35,3
DA:36,1
DA:37,1
DA:40,1
DA:45,3
DA:46,2
DA:47,2
DA:48,2
DA:49,10
DA:50,10
DA:51,8
DA:52,8
DA:53,7
DA:62,2
DA:66,3
LF:34
LH:34
BRDA:16,0,0,4
BRDA:16,0,1,6
BRDA:31,1,0,1
BRDA:31,1,1,1
BRDA:35,2,0,1
BRDA:44,3,0,2
BRDA:50,4,0,8
BRDA:50,4,1,2
BRDA:52,5,0,7
BRDA:52,5,1,1
BRDA:52,6,0,8
BRDA:52,6,1,4
BRDA:52,6,2,5
BRF:13
BRH:13
end_of_record
